# JRE version: Java(TM) SE Runtime Environment (8.0_261-b12) (build 1.8.0_261-b12)
# Java VM: Java HotSpot(TM) 64-Bit Server VM (25.261-b12 mixed mode windows-amd64 compressed oops)
Heap:
 PSYoungGen      total 115200K, used 8778K [0x00000000d6000000, 0x00000000e1580000, 0x0000000100000000)
  eden space 104960K, 0% used [0x00000000d6000000,0x00000000d6000000,0x00000000dc680000)
  from space 10240K, 85% used [0x00000000dc680000,0x00000000dcf12880,0x00000000dd080000)
  to   space 10752K, 0% used [0x00000000e0b00000,0x00000000e0b00000,0x00000000e1580000)
 ParOldGen       total 56832K, used 9162K [0x0000000082000000, 0x0000000085780000, 0x00000000d6000000)
  object space 56832K, 16% used [0x0000000082000000,0x00000000828f2a38,0x0000000085780000)
 Metaspace       used 33220K, capacity 35366K, committed 35456K, reserved 1079296K
  class space    used 4492K, capacity 4907K, committed 4992K, reserved 1048576K
GC Heap History (10 events):
Event: 1.677 GC heap after
Heap after GC invocations=4 (full 0):
 PSYoungGen      total 70656K, used 5101K [0x00000000d6000000, 0x00000000daa00000, 0x0000000100000000)
  eden space 65536K, 0% used [0x00000000d6000000,0x00000000d6000000,0x00000000da000000)
  from space 5120K, 99% used [0x00000000da500000,0x00000000da9fb6c8,0x00000000daa00000)
  to   space 5120K, 0% used [0x00000000da000000,0x00000000da000000,0x00000000da500000)
 ParOldGen       total 86016K, used 7257K [0x0000000082000000, 0x0000000087400000, 0x00000000d6000000)
  object space 86016K, 8% used [0x0000000082000000,0x0000000082716600,0x0000000087400000)
 Metaspace       used 20299K, capacity 21238K, committed 21296K, reserved 1067008K
  class space    used 2683K, capacity 2912K, committed 2944K, reserved 1048576K
}
Event: 1.677 GC heap before
{Heap before GC invocations=5 (full 1):
 PSYoungGen      total 70656K, used 5101K [0x00000000d6000000, 0x00000000daa00000, 0x0000000100000000)
  eden space 65536K, 0% used [0x00000000d6000000,0x00000000d6000000,0x00000000da000000)
  from space 5120K, 99% used [0x00000000da500000,0x00000000da9fb6c8,0x00000000daa00000)
  to   space 5120K, 0% used [0x00000000da000000,0x00000000da000000,0x00000000da500000)
 ParOldGen       total 86016K, used 7257K [0x0000000082000000, 0x0000000087400000, 0x00000000d6000000)
  object space 86016K, 8% used [0x0000000082000000,0x0000000082716600,0x0000000087400000)
 Metaspace       used 20299K, capacity 21238K, committed 21296K, reserved 1067008K
  class space    used 2683K, capacity 2912K, committed 2944K, reserved 1048576K
Event: 1.699 GC heap after
Heap after GC invocations=5 (full 1):
 PSYoungGen      total 70656K, used 0K [0x00000000d6000000, 0x00000000daa00000, 0x0000000100000000)
  eden space 65536K, 0% used [0x00000000d6000000,0x00000000d6000000,0x00000000da000000)
  from space 5120K, 0% used [0x00000000da500000,0x00000000da500000,0x00000000daa00000)
  to   space 5120K, 0% used [0x00000000da000000,0x00000000da000000,0x00000000da500000)
 ParOldGen       total 56832K, used 7800K [0x0000000082000000, 0x0000000085780000, 0x00000000d6000000)
  object space 56832K, 13% used [0x0000000082000000,0x000000008279e000,0x0000000085780000)
 Metaspace       used 20299K, capacity 21238K, committed 21296K, reserved 1067008K
  class space    used 2683K, capacity 2912K, committed 2944K, reserved 1048576K
}
Event: 2.140 GC heap before
{Heap before GC invocations=6 (full 1):
 PSYoungGen      total 70656K, used 65536K [0x00000000d6000000, 0x00000000daa00000, 0x0000000100000000)
  eden space 65536K, 100% used [0x00000000d6000000,0x00000000da000000,0x00000000da000000)
  from space 5120K, 0% used [0x00000000da500000,0x00000000da500000,0x00000000daa00000)
  to   space 5120K, 0% used [0x00000000da000000,0x00000000da000000,0x00000000da500000)
 ParOldGen       total 56832K, used 7800K [0x0000000082000000, 0x0000000085780000, 0x00000000d6000000)
  object space 56832K, 13% used [0x0000000082000000,0x000000008279e000,0x0000000085780000)
 Metaspace       used 23367K, capacity 24688K, committed 24832K, reserved 1071104K
  class space    used 3163K, capacity 3472K, committed 3584K, reserved 1048576K
Event: 2.146 GC heap after
Heap after GC invocations=6 (full 1):
 PSYoungGen      total 70656K, used 5098K [0x00000000d6000000, 0x00000000dd980000, 0x0000000100000000)
  eden space 65536K, 0% used [0x00000000d6000000,0x00000000d6000000,0x00000000da000000)
  from space 5120K, 99% used [0x00000000da000000,0x00000000da4fa9b8,0x00000000da500000)
  to   space 9216K, 0% used [0x00000000dd080000,0x00000000dd080000,0x00000000dd980000)
 ParOldGen       total 56832K, used 9082K [0x0000000082000000, 0x0000000085780000, 0x00000000d6000000)
  object space 56832K, 15% used [0x0000000082000000,0x00000000828dea28,0x0000000085780000)
 Metaspace       used 23367K, capacity 24688K, committed 24832K, reserved 1071104K
  class space    used 3163K, capacity 3472K, committed 3584K, reserved 1048576K
}
Event: 2.602 GC heap before
{Heap before GC invocations=7 (full 1):
 PSYoungGen      total 70656K, used 70634K [0x00000000d6000000, 0x00000000dd980000, 0x0000000100000000)
  eden space 65536K, 100% used [0x00000000d6000000,0x00000000da000000,0x00000000da000000)
  from space 5120K, 99% used [0x00000000da000000,0x00000000da4fa9b8,0x00000000da500000)
  to   space 9216K, 0% used [0x00000000dd080000,0x00000000dd080000,0x00000000dd980000)
 ParOldGen       total 56832K, used 9082K [0x0000000082000000, 0x0000000085780000, 0x00000000d6000000)
  object space 56832K, 15% used [0x0000000082000000,0x00000000828dea28,0x0000000085780000)
 Metaspace       used 28331K, capacity 30240K, committed 30336K, reserved 1075200K
  class space    used 3832K, capacity 4196K, committed 4224K, reserved 1048576K
Event: 2.609 GC heap after
Heap after GC invocations=7 (full 1):
 PSYoungGen      total 114176K, used 8910K [0x00000000d6000000, 0x00000000dda80000, 0x0000000100000000)
  eden space 104960K, 0% used [0x00000000d6000000,0x00000000d6000000,0x00000000dc680000)
  from space 9216K, 96% used [0x00000000dd080000,0x00000000dd933818,0x00000000dd980000)
  to   space 10240K, 0% used [0x00000000dc680000,0x00000000dc680000,0x00000000dd080000)
 ParOldGen       total 56832K, used 9090K [0x0000000082000000, 0x0000000085780000, 0x00000000d6000000)
  object space 56832K, 15% used [0x0000000082000000,0x00000000828e0a28,0x0000000085780000)
 Metaspace       used 28331K, capacity 30240K, committed 30336K, reserved 1075200K
  class space    used 3832K, capacity 4196K, committed 4224K, reserved 1048576K
}
Event: 3.387 GC heap before
{Heap before GC invocations=8 (full 1):
 PSYoungGen      total 114176K, used 58870K [0x00000000d6000000, 0x00000000dda80000, 0x0000000100000000)
  eden space 104960K, 47% used [0x00000000d6000000,0x00000000d90ca008,0x00000000dc680000)
  from space 9216K, 96% used [0x00000000dd080000,0x00000000dd933818,0x00000000dd980000)
  to   space 10240K, 0% used [0x00000000dc680000,0x00000000dc680000,0x00000000dd080000)
 ParOldGen       total 56832K, used 9090K [0x0000000082000000, 0x0000000085780000, 0x00000000d6000000)
  object space 56832K, 15% used [0x0000000082000000,0x00000000828e0a28,0x0000000085780000)
 Metaspace       used 33220K, capacity 35366K, committed 35456K, reserved 1079296K
  class space    used 4492K, capacity 4907K, committed 4992K, reserved 1048576K
Event: 3.394 GC heap after
Heap after GC invocations=8 (full 1):
 PSYoungGen      total 115200K, used 8778K [0x00000000d6000000, 0x00000000e1580000, 0x0000000100000000)
  eden space 104960K, 0% used [0x00000000d6000000,0x00000000d6000000,0x00000000dc680000)
  from space 10240K, 85% used [0x00000000dc680000,0x00000000dcf12880,0x00000000dd080000)
  to   space 10752K, 0% used [0x00000000e0b00000,0x00000000e0b00000,0x00000000e1580000)
 ParOldGen       total 56832K, used 9162K [0x0000000082000000, 0x0000000085780000, 0x00000000d6000000)
  object space 56832K, 16% used [0x0000000082000000,0x00000000828f2a38,0x0000000085780000)
 Metaspace       used 33220K, capacity 35366K, committed 35456K, reserved 1079296K
  class space    used 4492K, capacity 4907K, committed 4992K, reserved 1048576K
}
Event: 3.394 GC heap before
{Heap before GC invocations=9 (full 2):
 PSYoungGen      total 115200K, used 8778K [0x00000000d6000000, 0x00000000e1580000, 0x0000000100000000)
  eden space 104960K, 0% used [0x00000000d6000000,0x00000000d6000000,0x00000000dc680000)
  from space 10240K, 85% used [0x00000000dc680000,0x00000000dcf12880,0x00000000dd080000)
  to   space 10752K, 0% used [0x00000000e0b00000,0x00000000e0b00000,0x00000000e1580000)
 ParOldGen       total 56832K, used 9162K [0x0000000082000000, 0x0000000085780000, 0x00000000d6000000)
  object space 56832K, 16% used [0x0000000082000000,0x00000000828f2a38,0x0000000085780000)
 Metaspace       used 33220K, capacity 35366K, committed 35456K, reserved 1079296K
  class space    used 4492K, capacity 4907K, committed 4992K, reserved 1048576K

